<?xml version="1.0" encoding="UTF-8"?>
<testsuite xmlns:xsi="http://www.w3.org/2001/XMLSchema-instance" xsi:noNamespaceSchemaLocation="https://maven.apache.org/surefire/maven-surefire-plugin/xsd/surefire-test-report.xsd" version="3.0.2" name="com.app.ecom.EcommerceApplicationTests" time="11.902" tests="1" errors="0" skipped="0" failures="0">
  <properties>
[...]
</properties>
  <testcase name="contextLoads" classname="com.app.ecom.EcommerceApplicationTests" time="0.756">
    <system-out><![CDATA[21:40:50.238 [main] INFO org.springframework.test.context.support.AnnotationConfigContextLoaderUtils -- Could not detect default configuration classes for test class [com.app.ecom.EcommerceApplicationTests]: EcommerceApplicationTests does not declare any static, non-private, non-final, nested classes annotated with @Configuration.
21:40:50.461 [main] INFO org.springframework.boot.test.context.SpringBootTestContextBootstrapper -- Found @SpringBootConfiguration com.app.ecom.EcommerceApplication for test class com.app.ecom.EcommerceApplicationTests

  .   ____          _            __ _ _
 /\\ / ___'_ __ _ _(_)_ __  __ _ \ \ \ \
( ( )\___ | '_ | '_| | '_ \/ _` | \ \ \ \
 \\/  ___)| |_)| | | | | || (_| |  ) ) ) )
  '  |____| .__|_| |_|_| |_\__, | / / / /
 =========|_|==============|___/=/_/_/_/

 :: Spring Boot ::                (v4.0.1)

2026-01-03T21:40:51.486+05:30  INFO 9600 --- [Ecommerce] [           main] com.app.ecom.EcommerceApplicationTests   : Starting EcommerceApplicationTests using Java 21.0.3 with PID 9600 (started by Kalpna Patel in C:\Users\Kalpna Patel\Desktop\SachinProject\ecom)
2026-01-03T21:40:51.489+05:30  INFO 9600 --- [Ecommerce] [           main] com.app.ecom.EcommerceApplicationTests   : No active profile set, falling back to 1 default profile: "default"
2026-01-03T21:40:53.067+05:30  INFO 9600 --- [Ecommerce] [           main] .s.d.r.c.RepositoryConfigurationDelegate : Bootstrapping Spring Data JPA repositories in DEFAULT mode.
2026-01-03T21:40:53.202+05:30  INFO 9600 --- [Ecommerce] [           main] .s.d.r.c.RepositoryConfigurationDelegate : Finished Spring Data repository scanning in 109 ms. Found 2 JPA repository interfaces.
2026-01-03T21:40:54.092+05:30  INFO 9600 --- [Ecommerce] [           main] org.hibernate.orm.jpa                    : HHH008540: Processing PersistenceUnitInfo [name: default]
2026-01-03T21:40:54.234+05:30  INFO 9600 --- [Ecommerce] [           main] org.hibernate.orm.core                   : HHH000001: Hibernate ORM core version 7.2.0.Final
2026-01-03T21:40:55.531+05:30  INFO 9600 --- [Ecommerce] [           main] o.s.o.j.p.SpringPersistenceUnitInfo      : No LoadTimeWeaver setup: ignoring JPA class transformer
2026-01-03T21:40:55.610+05:30  INFO 9600 --- [Ecommerce] [           main] com.zaxxer.hikari.HikariDataSource       : HikariPool-1 - Starting...
2026-01-03T21:40:56.006+05:30  INFO 9600 --- [Ecommerce] [           main] com.zaxxer.hikari.pool.HikariPool        : HikariPool-1 - Added connection conn0: url=jdbc:h2:mem:test user=SA
2026-01-03T21:40:56.006+05:30  INFO 9600 --- [Ecommerce] [           main] com.zaxxer.hikari.HikariDataSource       : HikariPool-1 - Start completed.
2026-01-03T21:40:56.133+05:30  INFO 9600 --- [Ecommerce] [           main] org.hibernate.orm.connections.pooling    : HHH10001005: Database info:
	Database JDBC URL [jdbc:h2:mem:test]
	Database driver: H2 JDBC Driver
	Database dialect: H2Dialect
	Database version: 2.4.240
	Default catalog/schema: TEST/PUBLIC
	Autocommit mode: undefined/unknown
	Isolation level: READ_COMMITTED [default READ_COMMITTED]
	JDBC fetch size: 100
	Pool: DataSourceConnectionProvider
	Minimum pool size: undefined/unknown
	Maximum pool size: undefined/unknown
2026-01-03T21:40:57.728+05:30  INFO 9600 --- [Ecommerce] [           main] org.hibernate.orm.core                   : HHH000489: No JTA platform available (set 'hibernate.transaction.jta.platform' to enable JTA platform integration)
Hibernate: drop table if exists addresses_table cascade 
Hibernate: drop table if exists products cascade 
Hibernate: drop table if exists user_table cascade 
Hibernate: create table addresses_table (id bigint generated by default as identity, city varchar(255), country varchar(255), state varchar(255), street varchar(255), zipcode varchar(255), primary key (id))
Hibernate: create table products (active boolean, price numeric(38,2), stock_quantity integer, created_at timestamp(6), id bigint generated by default as identity, updated_at timestamp(6), category varchar(255), description varchar(255), image_url varchar(255), name varchar(255), primary key (id))
Hibernate: create table user_table (role tinyint check ((role between 0 and 1)), address_id bigint unique, created_at timestamp(6), id bigint generated by default as identity, updated_at timestamp(6), email varchar(255), first_name varchar(255), last_name varchar(255), phone_number varchar(255), primary key (id))
Hibernate: alter table if exists user_table add constraint FKiutwyvhc2dmoy6pbcxfcx1n5y foreign key (address_id) references addresses_table
2026-01-03T21:40:57.816+05:30  INFO 9600 --- [Ecommerce] [           main] j.LocalContainerEntityManagerFactoryBean : Initialized JPA EntityManagerFactory for persistence unit 'default'
2026-01-03T21:40:58.007+05:30  INFO 9600 --- [Ecommerce] [           main] o.s.d.j.r.query.QueryEnhancerFactories   : Hibernate is in classpath; If applicable, HQL parser will be used.
2026-01-03T21:41:00.007+05:30  WARN 9600 --- [Ecommerce] [           main] JpaBaseConfiguration$JpaWebConfiguration : spring.jpa.open-in-view is enabled by default. Therefore, database queries may be performed during view rendering. Explicitly configure spring.jpa.open-in-view to disable this warning
2026-01-03T21:41:00.698+05:30  INFO 9600 --- [Ecommerce] [           main] o.s.b.h.a.H2ConsoleAutoConfiguration     : H2 console available at '/h2-console'. Database available at 'jdbc:h2:mem:test'
2026-01-03T21:41:00.852+05:30  INFO 9600 --- [Ecommerce] [           main] com.app.ecom.EcommerceApplicationTests   : Started EcommerceApplicationTests in 9.941 seconds (process running for 12.738)
]]></system-out>
    <system-err><![CDATA[Mockito is currently self-attaching to enable the inline-mock-maker. This will no longer work in future releases of the JDK. Please add Mockito as an agent to your build as described in Mockito's documentation: https://javadoc.io/doc/org.mockito/mockito-core/latest/org.mockito/org/mockito/Mockito.html#0.3
WARNING: A Java agent has been loaded dynamically (C:\Users\Kalpna Patel\.m2\repository\net\bytebuddy\byte-buddy-agent\1.17.8\byte-buddy-agent-1.17.8.jar)
WARNING: If a serviceability tool is in use, please run with -XX:+EnableDynamicAgentLoading to hide this warning
WARNING: If a serviceability tool is not in use, please run with -Djdk.instrument.traceUsage for more information
WARNING: Dynamic loading of agents will be disallowed by default in a future release
]]></system-err>
  </testcase>
</testsuite>